-------------------------------------------------------------------------------
Test set: org.litetokens.litetokensgrid.InfuraApplicationTests
-------------------------------------------------------------------------------
Tests run: 1, Failures: 0, Errors: 1, Skipped: 0, Time elapsed: 6.649 s <<< FAILURE! - in org.litetokens.litetokensgrid.InfuraApplicationTests
contextLoads(org.litetokens.litetokensgrid.InfuraApplicationTests)  Time elapsed: 0.003 s  <<< ERROR!
java.lang.IllegalStateException: Failed to load ApplicationContext
Caused by: org.springframework.beans.factory.BeanDefinitionStoreException: Failed to parse configuration class [org.litetokens.litetokensgrid.LitetokensgridApplication]; nested exception is java.io.FileNotFoundException: class path resource [litescan.properties] cannot be opened because it does not exist
Caused by: java.io.FileNotFoundException: class path resource [litescan.properties] cannot be opened because it does not exist

